
'user': 'sysadmin'
'Time': 'Пт ноя  8 15:03:40 UTC 2019'
Event: 'Remove: ./redis-5.0.5'
------------------------------------

'user': 'sysadmin'
'Time': 'Пт ноя  8 15:03:45 UTC 2019'
Event: 'Remove: ./venv'
------------------------------------

'user': 'sysadmin'
'Time': 'Пт ноя  8 15:03:50 UTC 2019'
Event: 'Install python3-pip'
------------------------------------

'user': 'sysadmin'
'Time': 'Пт ноя  8 15:04:05 UTC 2019'
Event: 'Install virtualenv'
------------------------------------

'user': 'sysadmin'
'Time': 'Пт ноя  8 15:04:15 UTC 2019'
Event: 'Create virtualenv'
------------------------------------

'user': 'sysadmin'
'Time': 'Пт ноя  8 15:04:30 UTC 2019'
Event: 'Install plugins'
------------------------------------

'user': 'sysadmin'
'Time': 'Пт ноя  8 15:04:41 UTC 2019'
Event: 'Download redis'
------------------------------------

'user': 'sysadmin'
'Time': 'Пт ноя  8 15:04:48 UTC 2019'
Event: 'Extract redis'
------------------------------------

'user': 'sysadmin'
'Time': 'Пт ноя  8 15:04:54 UTC 2019'
Event: 'Remove temp files for redis'
------------------------------------

'user': 'sysadmin'
'Time': 'Пт ноя  8 15:04:59 UTC 2019'
Event: 'Install redis'
------------------------------------

'user': 'sysadmin'
'Time': 'Пт ноя  8 15:11:11 UTC 2019'
Event: 'Base preinstalation'
------------------------------------

'user': 'sysadmin'
'Time': 'Пт ноя  8 15:11:19 UTC 2019'
Event: 'Continue'
------------------------------------

'user': 'sysadmin'
'Time': 'Пт ноя  8 15:19:56 UTC 2019'
Event: 'Remove: ./redis-5.0.5'
------------------------------------

'user': 'sysadmin'
'Time': 'Пт ноя  8 15:20:01 UTC 2019'
Event: 'Remove: ./venv'
------------------------------------

'user': 'sysadmin'
'Time': 'Пт ноя  8 15:20:06 UTC 2019'
Event: 'Install python3-pip'
------------------------------------

'user': 'sysadmin'
'Time': 'Пт ноя  8 15:20:16 UTC 2019'
Event: 'Install virtualenv'
------------------------------------

'user': 'sysadmin'
'Time': 'Пт ноя  8 15:20:25 UTC 2019'
Event: 'Create virtualenv'
------------------------------------

'user': 'sysadmin'
'Time': 'Пт ноя  8 15:20:39 UTC 2019'
Event: 'Install plugins'
------------------------------------

'user': 'sysadmin'
'Time': 'Пт ноя  8 15:20:47 UTC 2019'
Event: 'Download redis'
------------------------------------

'user': 'sysadmin'
'Time': 'Пт ноя  8 15:20:56 UTC 2019'
Event: 'Extract redis'
------------------------------------

'user': 'sysadmin'
'Time': 'Пт ноя  8 15:21:01 UTC 2019'
Event: 'Remove temp files for redis'
------------------------------------

'user': 'sysadmin'
'Time': 'Пт ноя  8 15:21:06 UTC 2019'
Event: 'Install redis'
------------------------------------

'user': 'sysadmin'
'Time': 'Пт ноя  8 15:23:38 UTC 2019'
Event: 'Base preinstalation'
------------------------------------

'user': 'sysadmin'
'Time': 'Пт ноя  8 15:23:43 UTC 2019'
Event: 'Base configurate'
------------------------------------

'user': 'sysadmin'
'Time': 'Пт ноя  8 15:23:48 UTC 2019'
Event: 'Continue'
------------------------------------
